2021-11-29 11:05:51,464 INFO br.com.magna.api.ApiApplication {main} API INICIADA
2021-11-29 11:05:51,756 INFO br.com.magna.api.ApiApplication {restartedMain} API INICIADA
2021-11-29 11:05:52,254 INFO br.com.magna.api.ApiApplication {restartedMain} Starting ApiApplication using Java 15.0.2 on GuiMenoci with PID 12672 (D:\Eclipse Java EE\Workspace Java EE\api\target\classes started by guimenoci in D:\Eclipse Java EE\Workspace Java EE\api)
2021-11-29 11:05:52,256 DEBUG br.com.magna.api.ApiApplication {restartedMain} Running with Spring Boot v2.6.0, Spring v5.3.13
2021-11-29 11:05:52,256 INFO br.com.magna.api.ApiApplication {restartedMain} No active profile set, falling back to default profiles: default
2021-11-29 11:05:52,260 INFO org.hibernate.validator.internal.util.Version {background-preinit} HV000001: Hibernate Validator 6.2.0.Final
2021-11-29 11:05:52,327 INFO org.springframework.boot.devtools.env.DevToolsPropertyDefaultsPostProcessor {restartedMain} Devtools property defaults active! Set 'spring.devtools.add-properties' to 'false' to disable
2021-11-29 11:05:52,327 INFO org.springframework.boot.devtools.env.DevToolsPropertyDefaultsPostProcessor {restartedMain} For additional web related logging consider setting the 'logging.level.web' property to 'DEBUG'
2021-11-29 11:05:53,344 INFO org.springframework.data.repository.config.RepositoryConfigurationDelegate {restartedMain} Bootstrapping Spring Data JPA repositories in DEFAULT mode.
2021-11-29 11:05:53,444 INFO org.springframework.data.repository.config.RepositoryConfigurationDelegate {restartedMain} Finished Spring Data repository scanning in 81 ms. Found 3 JPA repository interfaces.
2021-11-29 11:05:54,256 INFO org.springframework.boot.web.embedded.tomcat.TomcatWebServer {restartedMain} Tomcat initialized with port(s): 8091 (http)
2021-11-29 11:05:54,269 INFO org.apache.coyote.http11.Http11NioProtocol {restartedMain} Initializing ProtocolHandler ["http-nio-8091"]
2021-11-29 11:05:54,270 INFO org.apache.catalina.core.StandardService {restartedMain} Starting service [Tomcat]
2021-11-29 11:05:54,270 INFO org.apache.catalina.core.StandardEngine {restartedMain} Starting Servlet engine: [Apache Tomcat/9.0.55]
2021-11-29 11:05:54,419 INFO org.apache.catalina.core.ContainerBase.[Tomcat].[localhost].[/] {restartedMain} Initializing Spring embedded WebApplicationContext
2021-11-29 11:05:54,419 INFO org.springframework.boot.web.servlet.context.ServletWebServerApplicationContext {restartedMain} Root WebApplicationContext: initialization completed in 2091 ms
2021-11-29 11:05:54,580 INFO org.hibernate.jpa.internal.util.LogHelper {restartedMain} HHH000204: Processing PersistenceUnitInfo [name: default]
2021-11-29 11:05:54,639 INFO org.hibernate.Version {restartedMain} HHH000412: Hibernate ORM core version 5.6.1.Final
2021-11-29 11:05:54,846 INFO org.hibernate.annotations.common.Version {restartedMain} HCANN000001: Hibernate Commons Annotations {5.1.2.Final}
2021-11-29 11:05:54,998 INFO com.zaxxer.hikari.HikariDataSource {restartedMain} HikariPool-1 - Starting...
2021-11-29 11:05:55,311 INFO com.zaxxer.hikari.HikariDataSource {restartedMain} HikariPool-1 - Start completed.
2021-11-29 11:05:55,334 INFO org.hibernate.dialect.Dialect {restartedMain} HHH000400: Using dialect: org.hibernate.dialect.PostgreSQLDialect
2021-11-29 11:05:56,431 INFO org.hibernate.engine.transaction.jta.platform.internal.JtaPlatformInitiator {restartedMain} HHH000490: Using JtaPlatform implementation: [org.hibernate.engine.transaction.jta.platform.internal.NoJtaPlatform]
2021-11-29 11:05:56,445 INFO org.springframework.orm.jpa.LocalContainerEntityManagerFactoryBean {restartedMain} Initialized JPA EntityManagerFactory for persistence unit 'default'
2021-11-29 11:05:57,360 WARN org.springframework.boot.autoconfigure.orm.jpa.JpaBaseConfiguration$JpaWebConfiguration {restartedMain} spring.jpa.open-in-view is enabled by default. Therefore, database queries may be performed during view rendering. Explicitly configure spring.jpa.open-in-view to disable this warning
2021-11-29 11:05:57,811 INFO org.springframework.boot.devtools.autoconfigure.OptionalLiveReloadServer {restartedMain} LiveReload server is running on port 35729
2021-11-29 11:05:57,839 INFO org.apache.coyote.http11.Http11NioProtocol {restartedMain} Starting ProtocolHandler ["http-nio-8091"]
2021-11-29 11:05:57,871 INFO org.springframework.boot.web.embedded.tomcat.TomcatWebServer {restartedMain} Tomcat started on port(s): 8091 (http) with context path ''
2021-11-29 11:05:57,883 INFO br.com.magna.api.ApiApplication {restartedMain} Started ApiApplication in 6.118 seconds (JVM running for 7.719)
2021-11-29 11:23:05,152 WARN com.zaxxer.hikari.pool.HikariPool {HikariPool-1 housekeeper} HikariPool-1 - Thread starvation or clock leap detected (housekeeper delta=1m18s957ms858µs800ns).
2021-11-29 11:26:56,737 INFO org.springframework.orm.jpa.LocalContainerEntityManagerFactoryBean {Thread-5} Closing JPA EntityManagerFactory for persistence unit 'default'
2021-11-29 11:26:56,742 INFO com.zaxxer.hikari.HikariDataSource {Thread-5} HikariPool-1 - Shutdown initiated...
2021-11-29 11:26:56,751 INFO com.zaxxer.hikari.HikariDataSource {Thread-5} HikariPool-1 - Shutdown completed.
2021-11-29 11:26:56,820 INFO br.com.magna.api.ApiApplication {restartedMain} API INICIADA
2021-11-29 11:26:56,870 INFO br.com.magna.api.ApiApplication {restartedMain} Starting ApiApplication using Java 15.0.2 on GuiMenoci with PID 12672 (D:\Eclipse Java EE\Workspace Java EE\api\target\classes started by guimenoci in D:\Eclipse Java EE\Workspace Java EE\api)
2021-11-29 11:26:56,870 DEBUG br.com.magna.api.ApiApplication {restartedMain} Running with Spring Boot v2.6.0, Spring v5.3.13
2021-11-29 11:26:56,870 INFO br.com.magna.api.ApiApplication {restartedMain} No active profile set, falling back to default profiles: default
2021-11-29 11:26:57,310 INFO org.springframework.data.repository.config.RepositoryConfigurationDelegate {restartedMain} Bootstrapping Spring Data JPA repositories in DEFAULT mode.
2021-11-29 11:26:57,336 INFO org.springframework.data.repository.config.RepositoryConfigurationDelegate {restartedMain} Finished Spring Data repository scanning in 25 ms. Found 3 JPA repository interfaces.
2021-11-29 11:26:57,541 INFO org.springframework.boot.web.embedded.tomcat.TomcatWebServer {restartedMain} Tomcat initialized with port(s): 8091 (http)
2021-11-29 11:26:57,542 INFO org.apache.coyote.http11.Http11NioProtocol {restartedMain} Initializing ProtocolHandler ["http-nio-8091"]
2021-11-29 11:26:57,543 INFO org.apache.catalina.core.StandardService {restartedMain} Starting service [Tomcat]
2021-11-29 11:26:57,543 INFO org.apache.catalina.core.StandardEngine {restartedMain} Starting Servlet engine: [Apache Tomcat/9.0.55]
2021-11-29 11:26:57,583 INFO org.apache.catalina.core.ContainerBase.[Tomcat].[localhost].[/] {restartedMain} Initializing Spring embedded WebApplicationContext
2021-11-29 11:26:57,583 INFO org.springframework.boot.web.servlet.context.ServletWebServerApplicationContext {restartedMain} Root WebApplicationContext: initialization completed in 709 ms
2021-11-29 11:26:57,634 INFO org.hibernate.jpa.internal.util.LogHelper {restartedMain} HHH000204: Processing PersistenceUnitInfo [name: default]
2021-11-29 11:26:57,638 INFO com.zaxxer.hikari.HikariDataSource {restartedMain} HikariPool-2 - Starting...
2021-11-29 11:26:57,750 INFO com.zaxxer.hikari.HikariDataSource {restartedMain} HikariPool-2 - Start completed.
2021-11-29 11:26:57,750 INFO org.hibernate.dialect.Dialect {restartedMain} HHH000400: Using dialect: org.hibernate.dialect.PostgreSQLDialect
2021-11-29 11:26:57,925 INFO org.hibernate.engine.transaction.jta.platform.internal.JtaPlatformInitiator {restartedMain} HHH000490: Using JtaPlatform implementation: [org.hibernate.engine.transaction.jta.platform.internal.NoJtaPlatform]
2021-11-29 11:26:57,925 INFO org.springframework.orm.jpa.LocalContainerEntityManagerFactoryBean {restartedMain} Initialized JPA EntityManagerFactory for persistence unit 'default'
2021-11-29 11:26:58,242 WARN org.springframework.boot.autoconfigure.orm.jpa.JpaBaseConfiguration$JpaWebConfiguration {restartedMain} spring.jpa.open-in-view is enabled by default. Therefore, database queries may be performed during view rendering. Explicitly configure spring.jpa.open-in-view to disable this warning
2021-11-29 11:26:58,417 INFO org.springframework.boot.devtools.autoconfigure.OptionalLiveReloadServer {restartedMain} LiveReload server is running on port 35729
2021-11-29 11:26:58,453 INFO org.apache.coyote.http11.Http11NioProtocol {restartedMain} Starting ProtocolHandler ["http-nio-8091"]
2021-11-29 11:26:58,455 INFO org.springframework.boot.web.embedded.tomcat.TomcatWebServer {restartedMain} Tomcat started on port(s): 8091 (http) with context path ''
2021-11-29 11:26:58,465 INFO br.com.magna.api.ApiApplication {restartedMain} Started ApiApplication in 1.638 seconds (JVM running for 1277.775)
2021-11-29 11:26:58,469 INFO org.springframework.boot.devtools.autoconfigure.ConditionEvaluationDeltaLoggingListener {restartedMain} Condition evaluation unchanged
2021-11-29 11:27:19,444 INFO org.springframework.orm.jpa.LocalContainerEntityManagerFactoryBean {Thread-7} Closing JPA EntityManagerFactory for persistence unit 'default'
2021-11-29 11:27:19,445 INFO com.zaxxer.hikari.HikariDataSource {Thread-7} HikariPool-2 - Shutdown initiated...
2021-11-29 11:27:19,455 INFO com.zaxxer.hikari.HikariDataSource {Thread-7} HikariPool-2 - Shutdown completed.
2021-11-29 11:27:19,536 INFO br.com.magna.api.ApiApplication {restartedMain} API INICIADA
2021-11-29 11:27:19,578 INFO br.com.magna.api.ApiApplication {restartedMain} Starting ApiApplication using Java 15.0.2 on GuiMenoci with PID 12672 (D:\Eclipse Java EE\Workspace Java EE\api\target\classes started by guimenoci in D:\Eclipse Java EE\Workspace Java EE\api)
2021-11-29 11:27:19,578 DEBUG br.com.magna.api.ApiApplication {restartedMain} Running with Spring Boot v2.6.0, Spring v5.3.13
2021-11-29 11:27:19,578 INFO br.com.magna.api.ApiApplication {restartedMain} No active profile set, falling back to default profiles: default
2021-11-29 11:27:19,818 INFO org.springframework.data.repository.config.RepositoryConfigurationDelegate {restartedMain} Bootstrapping Spring Data JPA repositories in DEFAULT mode.
2021-11-29 11:27:19,831 INFO org.springframework.data.repository.config.RepositoryConfigurationDelegate {restartedMain} Finished Spring Data repository scanning in 12 ms. Found 3 JPA repository interfaces.
2021-11-29 11:27:19,938 INFO org.springframework.boot.web.embedded.tomcat.TomcatWebServer {restartedMain} Tomcat initialized with port(s): 8091 (http)
2021-11-29 11:27:19,939 INFO org.apache.coyote.http11.Http11NioProtocol {restartedMain} Initializing ProtocolHandler ["http-nio-8091"]
2021-11-29 11:27:19,939 INFO org.apache.catalina.core.StandardService {restartedMain} Starting service [Tomcat]
2021-11-29 11:27:19,939 INFO org.apache.catalina.core.StandardEngine {restartedMain} Starting Servlet engine: [Apache Tomcat/9.0.55]
2021-11-29 11:27:19,967 INFO org.apache.catalina.core.ContainerBase.[Tomcat].[localhost].[/] {restartedMain} Initializing Spring embedded WebApplicationContext
2021-11-29 11:27:19,967 INFO org.springframework.boot.web.servlet.context.ServletWebServerApplicationContext {restartedMain} Root WebApplicationContext: initialization completed in 386 ms
2021-11-29 11:27:20,007 INFO org.hibernate.jpa.internal.util.LogHelper {restartedMain} HHH000204: Processing PersistenceUnitInfo [name: default]
2021-11-29 11:27:20,011 INFO com.zaxxer.hikari.HikariDataSource {restartedMain} HikariPool-3 - Starting...
2021-11-29 11:27:20,104 INFO com.zaxxer.hikari.HikariDataSource {restartedMain} HikariPool-3 - Start completed.
2021-11-29 11:27:20,105 INFO org.hibernate.dialect.Dialect {restartedMain} HHH000400: Using dialect: org.hibernate.dialect.PostgreSQLDialect
2021-11-29 11:27:20,292 INFO org.hibernate.engine.transaction.jta.platform.internal.JtaPlatformInitiator {restartedMain} HHH000490: Using JtaPlatform implementation: [org.hibernate.engine.transaction.jta.platform.internal.NoJtaPlatform]
2021-11-29 11:27:20,292 INFO org.springframework.orm.jpa.LocalContainerEntityManagerFactoryBean {restartedMain} Initialized JPA EntityManagerFactory for persistence unit 'default'
2021-11-29 11:27:20,605 WARN org.springframework.boot.autoconfigure.orm.jpa.JpaBaseConfiguration$JpaWebConfiguration {restartedMain} spring.jpa.open-in-view is enabled by default. Therefore, database queries may be performed during view rendering. Explicitly configure spring.jpa.open-in-view to disable this warning
2021-11-29 11:27:20,734 INFO org.springframework.boot.devtools.autoconfigure.OptionalLiveReloadServer {restartedMain} LiveReload server is running on port 35729
2021-11-29 11:27:20,746 INFO org.apache.coyote.http11.Http11NioProtocol {restartedMain} Starting ProtocolHandler ["http-nio-8091"]
2021-11-29 11:27:20,748 INFO org.springframework.boot.web.embedded.tomcat.TomcatWebServer {restartedMain} Tomcat started on port(s): 8091 (http) with context path ''
2021-11-29 11:27:20,756 INFO br.com.magna.api.ApiApplication {restartedMain} Started ApiApplication in 1.214 seconds (JVM running for 1300.067)
2021-11-29 11:27:20,760 INFO org.springframework.boot.devtools.autoconfigure.ConditionEvaluationDeltaLoggingListener {restartedMain} Condition evaluation unchanged
2021-11-29 11:28:38,777 INFO org.springframework.orm.jpa.LocalContainerEntityManagerFactoryBean {Thread-11} Closing JPA EntityManagerFactory for persistence unit 'default'
2021-11-29 11:28:38,778 INFO com.zaxxer.hikari.HikariDataSource {Thread-11} HikariPool-3 - Shutdown initiated...
2021-11-29 11:28:38,786 INFO com.zaxxer.hikari.HikariDataSource {Thread-11} HikariPool-3 - Shutdown completed.
2021-11-29 11:28:38,881 INFO br.com.magna.api.ApiApplication {restartedMain} API INICIADA
2021-11-29 11:28:38,924 INFO br.com.magna.api.ApiApplication {restartedMain} Starting ApiApplication using Java 15.0.2 on GuiMenoci with PID 12672 (D:\Eclipse Java EE\Workspace Java EE\api\target\classes started by guimenoci in D:\Eclipse Java EE\Workspace Java EE\api)
2021-11-29 11:28:38,924 DEBUG br.com.magna.api.ApiApplication {restartedMain} Running with Spring Boot v2.6.0, Spring v5.3.13
2021-11-29 11:28:38,924 INFO br.com.magna.api.ApiApplication {restartedMain} No active profile set, falling back to default profiles: default
2021-11-29 11:28:39,145 INFO org.springframework.data.repository.config.RepositoryConfigurationDelegate {restartedMain} Bootstrapping Spring Data JPA repositories in DEFAULT mode.
2021-11-29 11:28:39,157 INFO org.springframework.data.repository.config.RepositoryConfigurationDelegate {restartedMain} Finished Spring Data repository scanning in 12 ms. Found 3 JPA repository interfaces.
2021-11-29 11:28:39,269 INFO org.springframework.boot.web.embedded.tomcat.TomcatWebServer {restartedMain} Tomcat initialized with port(s): 8091 (http)
2021-11-29 11:28:39,270 INFO org.apache.coyote.http11.Http11NioProtocol {restartedMain} Initializing ProtocolHandler ["http-nio-8091"]
2021-11-29 11:28:39,270 INFO org.apache.catalina.core.StandardService {restartedMain} Starting service [Tomcat]
2021-11-29 11:28:39,270 INFO org.apache.catalina.core.StandardEngine {restartedMain} Starting Servlet engine: [Apache Tomcat/9.0.55]
2021-11-29 11:28:39,293 INFO org.apache.catalina.core.ContainerBase.[Tomcat].[localhost].[/] {restartedMain} Initializing Spring embedded WebApplicationContext
2021-11-29 11:28:39,294 INFO org.springframework.boot.web.servlet.context.ServletWebServerApplicationContext {restartedMain} Root WebApplicationContext: initialization completed in 366 ms
2021-11-29 11:28:39,333 INFO org.hibernate.jpa.internal.util.LogHelper {restartedMain} HHH000204: Processing PersistenceUnitInfo [name: default]
2021-11-29 11:28:39,338 INFO com.zaxxer.hikari.HikariDataSource {restartedMain} HikariPool-4 - Starting...
2021-11-29 11:28:39,435 INFO com.zaxxer.hikari.HikariDataSource {restartedMain} HikariPool-4 - Start completed.
2021-11-29 11:28:39,440 INFO org.hibernate.dialect.Dialect {restartedMain} HHH000400: Using dialect: org.hibernate.dialect.PostgreSQLDialect
2021-11-29 11:28:39,618 INFO org.hibernate.engine.transaction.jta.platform.internal.JtaPlatformInitiator {restartedMain} HHH000490: Using JtaPlatform implementation: [org.hibernate.engine.transaction.jta.platform.internal.NoJtaPlatform]
2021-11-29 11:28:39,619 INFO org.springframework.orm.jpa.LocalContainerEntityManagerFactoryBean {restartedMain} Initialized JPA EntityManagerFactory for persistence unit 'default'
2021-11-29 11:28:39,874 WARN org.springframework.boot.autoconfigure.orm.jpa.JpaBaseConfiguration$JpaWebConfiguration {restartedMain} spring.jpa.open-in-view is enabled by default. Therefore, database queries may be performed during view rendering. Explicitly configure spring.jpa.open-in-view to disable this warning
2021-11-29 11:28:40,015 INFO org.springframework.boot.devtools.autoconfigure.OptionalLiveReloadServer {restartedMain} LiveReload server is running on port 35729
2021-11-29 11:28:40,028 INFO org.apache.coyote.http11.Http11NioProtocol {restartedMain} Starting ProtocolHandler ["http-nio-8091"]
2021-11-29 11:28:40,030 INFO org.springframework.boot.web.embedded.tomcat.TomcatWebServer {restartedMain} Tomcat started on port(s): 8091 (http) with context path ''
2021-11-29 11:28:40,038 INFO br.com.magna.api.ApiApplication {restartedMain} Started ApiApplication in 1.152 seconds (JVM running for 1379.348)
2021-11-29 11:28:40,041 INFO org.springframework.boot.devtools.autoconfigure.ConditionEvaluationDeltaLoggingListener {restartedMain} Condition evaluation unchanged
2021-11-29 11:30:08,847 INFO org.springframework.orm.jpa.LocalContainerEntityManagerFactoryBean {Thread-15} Closing JPA EntityManagerFactory for persistence unit 'default'
2021-11-29 11:30:08,848 INFO com.zaxxer.hikari.HikariDataSource {Thread-15} HikariPool-4 - Shutdown initiated...
2021-11-29 11:30:08,853 INFO com.zaxxer.hikari.HikariDataSource {Thread-15} HikariPool-4 - Shutdown completed.
2021-11-29 11:30:08,916 INFO br.com.magna.api.ApiApplication {restartedMain} API INICIADA
2021-11-29 11:30:08,951 INFO br.com.magna.api.ApiApplication {restartedMain} Starting ApiApplication using Java 15.0.2 on GuiMenoci with PID 12672 (D:\Eclipse Java EE\Workspace Java EE\api\target\classes started by guimenoci in D:\Eclipse Java EE\Workspace Java EE\api)
2021-11-29 11:30:08,951 DEBUG br.com.magna.api.ApiApplication {restartedMain} Running with Spring Boot v2.6.0, Spring v5.3.13
2021-11-29 11:30:08,951 INFO br.com.magna.api.ApiApplication {restartedMain} No active profile set, falling back to default profiles: default
2021-11-29 11:30:09,121 INFO org.springframework.data.repository.config.RepositoryConfigurationDelegate {restartedMain} Bootstrapping Spring Data JPA repositories in DEFAULT mode.
2021-11-29 11:30:09,133 INFO org.springframework.data.repository.config.RepositoryConfigurationDelegate {restartedMain} Finished Spring Data repository scanning in 12 ms. Found 3 JPA repository interfaces.
2021-11-29 11:30:09,225 INFO org.springframework.boot.web.embedded.tomcat.TomcatWebServer {restartedMain} Tomcat initialized with port(s): 8091 (http)
2021-11-29 11:30:09,226 INFO org.apache.coyote.http11.Http11NioProtocol {restartedMain} Initializing ProtocolHandler ["http-nio-8091"]
2021-11-29 11:30:09,226 INFO org.apache.catalina.core.StandardService {restartedMain} Starting service [Tomcat]
2021-11-29 11:30:09,226 INFO org.apache.catalina.core.StandardEngine {restartedMain} Starting Servlet engine: [Apache Tomcat/9.0.55]
2021-11-29 11:30:09,248 INFO org.apache.catalina.core.ContainerBase.[Tomcat].[localhost].[/] {restartedMain} Initializing Spring embedded WebApplicationContext
2021-11-29 11:30:09,248 INFO org.springframework.boot.web.servlet.context.ServletWebServerApplicationContext {restartedMain} Root WebApplicationContext: initialization completed in 295 ms
2021-11-29 11:30:09,290 INFO org.hibernate.jpa.internal.util.LogHelper {restartedMain} HHH000204: Processing PersistenceUnitInfo [name: default]
2021-11-29 11:30:09,295 INFO com.zaxxer.hikari.HikariDataSource {restartedMain} HikariPool-5 - Starting...
2021-11-29 11:30:09,394 INFO com.zaxxer.hikari.HikariDataSource {restartedMain} HikariPool-5 - Start completed.
2021-11-29 11:30:09,394 INFO org.hibernate.dialect.Dialect {restartedMain} HHH000400: Using dialect: org.hibernate.dialect.PostgreSQLDialect
2021-11-29 11:30:09,534 INFO org.hibernate.engine.transaction.jta.platform.internal.JtaPlatformInitiator {restartedMain} HHH000490: Using JtaPlatform implementation: [org.hibernate.engine.transaction.jta.platform.internal.NoJtaPlatform]
2021-11-29 11:30:09,535 INFO org.springframework.orm.jpa.LocalContainerEntityManagerFactoryBean {restartedMain} Initialized JPA EntityManagerFactory for persistence unit 'default'
2021-11-29 11:30:09,846 WARN org.springframework.boot.autoconfigure.orm.jpa.JpaBaseConfiguration$JpaWebConfiguration {restartedMain} spring.jpa.open-in-view is enabled by default. Therefore, database queries may be performed during view rendering. Explicitly configure spring.jpa.open-in-view to disable this warning
2021-11-29 11:30:09,955 INFO org.springframework.boot.devtools.autoconfigure.OptionalLiveReloadServer {restartedMain} LiveReload server is running on port 35729
2021-11-29 11:30:09,967 INFO org.apache.coyote.http11.Http11NioProtocol {restartedMain} Starting ProtocolHandler ["http-nio-8091"]
2021-11-29 11:30:09,969 INFO org.springframework.boot.web.embedded.tomcat.TomcatWebServer {restartedMain} Tomcat started on port(s): 8091 (http) with context path ''
2021-11-29 11:30:09,974 INFO br.com.magna.api.ApiApplication {restartedMain} Started ApiApplication in 1.054 seconds (JVM running for 1469.285)
2021-11-29 11:30:09,977 INFO org.springframework.boot.devtools.autoconfigure.ConditionEvaluationDeltaLoggingListener {restartedMain} Condition evaluation unchanged
2021-11-29 11:30:21,510 INFO org.springframework.orm.jpa.LocalContainerEntityManagerFactoryBean {Thread-19} Closing JPA EntityManagerFactory for persistence unit 'default'
2021-11-29 11:30:21,511 INFO com.zaxxer.hikari.HikariDataSource {Thread-19} HikariPool-5 - Shutdown initiated...
2021-11-29 11:30:21,518 INFO com.zaxxer.hikari.HikariDataSource {Thread-19} HikariPool-5 - Shutdown completed.
2021-11-29 11:30:21,587 INFO br.com.magna.api.ApiApplication {restartedMain} API INICIADA
2021-11-29 11:30:21,624 INFO br.com.magna.api.ApiApplication {restartedMain} Starting ApiApplication using Java 15.0.2 on GuiMenoci with PID 12672 (D:\Eclipse Java EE\Workspace Java EE\api\target\classes started by guimenoci in D:\Eclipse Java EE\Workspace Java EE\api)
2021-11-29 11:30:21,624 DEBUG br.com.magna.api.ApiApplication {restartedMain} Running with Spring Boot v2.6.0, Spring v5.3.13
2021-11-29 11:30:21,624 INFO br.com.magna.api.ApiApplication {restartedMain} No active profile set, falling back to default profiles: default
2021-11-29 11:30:21,796 INFO org.springframework.data.repository.config.RepositoryConfigurationDelegate {restartedMain} Bootstrapping Spring Data JPA repositories in DEFAULT mode.
2021-11-29 11:30:21,808 INFO org.springframework.data.repository.config.RepositoryConfigurationDelegate {restartedMain} Finished Spring Data repository scanning in 12 ms. Found 3 JPA repository interfaces.
2021-11-29 11:30:21,910 INFO org.springframework.boot.web.embedded.tomcat.TomcatWebServer {restartedMain} Tomcat initialized with port(s): 8091 (http)
2021-11-29 11:30:21,911 INFO org.apache.coyote.http11.Http11NioProtocol {restartedMain} Initializing ProtocolHandler ["http-nio-8091"]
2021-11-29 11:30:21,911 INFO org.apache.catalina.core.StandardService {restartedMain} Starting service [Tomcat]
2021-11-29 11:30:21,911 INFO org.apache.catalina.core.StandardEngine {restartedMain} Starting Servlet engine: [Apache Tomcat/9.0.55]
2021-11-29 11:30:21,933 INFO org.apache.catalina.core.ContainerBase.[Tomcat].[localhost].[/] {restartedMain} Initializing Spring embedded WebApplicationContext
2021-11-29 11:30:21,934 INFO org.springframework.boot.web.servlet.context.ServletWebServerApplicationContext {restartedMain} Root WebApplicationContext: initialization completed in 308 ms
2021-11-29 11:30:21,975 INFO org.hibernate.jpa.internal.util.LogHelper {restartedMain} HHH000204: Processing PersistenceUnitInfo [name: default]
2021-11-29 11:30:21,979 INFO com.zaxxer.hikari.HikariDataSource {restartedMain} HikariPool-6 - Starting...
2021-11-29 11:30:22,069 INFO com.zaxxer.hikari.HikariDataSource {restartedMain} HikariPool-6 - Start completed.
2021-11-29 11:30:22,069 INFO org.hibernate.dialect.Dialect {restartedMain} HHH000400: Using dialect: org.hibernate.dialect.PostgreSQLDialect
2021-11-29 11:30:22,223 INFO org.hibernate.engine.transaction.jta.platform.internal.JtaPlatformInitiator {restartedMain} HHH000490: Using JtaPlatform implementation: [org.hibernate.engine.transaction.jta.platform.internal.NoJtaPlatform]
2021-11-29 11:30:22,224 INFO org.springframework.orm.jpa.LocalContainerEntityManagerFactoryBean {restartedMain} Initialized JPA EntityManagerFactory for persistence unit 'default'
2021-11-29 11:30:22,511 WARN org.springframework.boot.autoconfigure.orm.jpa.JpaBaseConfiguration$JpaWebConfiguration {restartedMain} spring.jpa.open-in-view is enabled by default. Therefore, database queries may be performed during view rendering. Explicitly configure spring.jpa.open-in-view to disable this warning
2021-11-29 11:30:22,630 INFO org.springframework.boot.devtools.autoconfigure.OptionalLiveReloadServer {restartedMain} LiveReload server is running on port 35729
2021-11-29 11:30:22,647 INFO org.apache.coyote.http11.Http11NioProtocol {restartedMain} Starting ProtocolHandler ["http-nio-8091"]
2021-11-29 11:30:22,649 INFO org.springframework.boot.web.embedded.tomcat.TomcatWebServer {restartedMain} Tomcat started on port(s): 8091 (http) with context path ''
2021-11-29 11:30:22,655 INFO br.com.magna.api.ApiApplication {restartedMain} Started ApiApplication in 1.061 seconds (JVM running for 1481.965)
2021-11-29 11:30:22,658 INFO org.springframework.boot.devtools.autoconfigure.ConditionEvaluationDeltaLoggingListener {restartedMain} Condition evaluation unchanged
2021-11-29 11:31:26,316 INFO org.springframework.orm.jpa.LocalContainerEntityManagerFactoryBean {Thread-23} Closing JPA EntityManagerFactory for persistence unit 'default'
2021-11-29 11:31:26,317 INFO com.zaxxer.hikari.HikariDataSource {Thread-23} HikariPool-6 - Shutdown initiated...
2021-11-29 11:31:26,324 INFO com.zaxxer.hikari.HikariDataSource {Thread-23} HikariPool-6 - Shutdown completed.
2021-11-29 11:31:26,410 INFO br.com.magna.api.ApiApplication {restartedMain} API INICIADA
2021-11-29 11:31:26,452 INFO br.com.magna.api.ApiApplication {restartedMain} Starting ApiApplication using Java 15.0.2 on GuiMenoci with PID 12672 (D:\Eclipse Java EE\Workspace Java EE\api\target\classes started by guimenoci in D:\Eclipse Java EE\Workspace Java EE\api)
2021-11-29 11:31:26,453 DEBUG br.com.magna.api.ApiApplication {restartedMain} Running with Spring Boot v2.6.0, Spring v5.3.13
2021-11-29 11:31:26,453 INFO br.com.magna.api.ApiApplication {restartedMain} No active profile set, falling back to default profiles: default
2021-11-29 11:31:26,743 INFO org.springframework.data.repository.config.RepositoryConfigurationDelegate {restartedMain} Bootstrapping Spring Data JPA repositories in DEFAULT mode.
2021-11-29 11:31:26,764 INFO org.springframework.data.repository.config.RepositoryConfigurationDelegate {restartedMain} Finished Spring Data repository scanning in 20 ms. Found 3 JPA repository interfaces.
2021-11-29 11:31:26,885 INFO org.springframework.boot.web.embedded.tomcat.TomcatWebServer {restartedMain} Tomcat initialized with port(s): 8091 (http)
2021-11-29 11:31:26,885 INFO org.apache.coyote.http11.Http11NioProtocol {restartedMain} Initializing ProtocolHandler ["http-nio-8091"]
2021-11-29 11:31:26,885 INFO org.apache.catalina.core.StandardService {restartedMain} Starting service [Tomcat]
2021-11-29 11:31:26,886 INFO org.apache.catalina.core.StandardEngine {restartedMain} Starting Servlet engine: [Apache Tomcat/9.0.55]
2021-11-29 11:31:26,908 INFO org.apache.catalina.core.ContainerBase.[Tomcat].[localhost].[/] {restartedMain} Initializing Spring embedded WebApplicationContext
2021-11-29 11:31:26,908 INFO org.springframework.boot.web.servlet.context.ServletWebServerApplicationContext {restartedMain} Root WebApplicationContext: initialization completed in 453 ms
2021-11-29 11:31:26,944 INFO org.hibernate.jpa.internal.util.LogHelper {restartedMain} HHH000204: Processing PersistenceUnitInfo [name: default]
2021-11-29 11:31:26,948 INFO com.zaxxer.hikari.HikariDataSource {restartedMain} HikariPool-7 - Starting...
2021-11-29 11:31:27,040 INFO com.zaxxer.hikari.HikariDataSource {restartedMain} HikariPool-7 - Start completed.
2021-11-29 11:31:27,046 INFO org.hibernate.dialect.Dialect {restartedMain} HHH000400: Using dialect: org.hibernate.dialect.PostgreSQLDialect
2021-11-29 11:31:27,165 INFO org.hibernate.engine.transaction.jta.platform.internal.JtaPlatformInitiator {restartedMain} HHH000490: Using JtaPlatform implementation: [org.hibernate.engine.transaction.jta.platform.internal.NoJtaPlatform]
2021-11-29 11:31:27,166 INFO org.springframework.orm.jpa.LocalContainerEntityManagerFactoryBean {restartedMain} Initialized JPA EntityManagerFactory for persistence unit 'default'
2021-11-29 11:31:27,404 WARN org.springframework.boot.autoconfigure.orm.jpa.JpaBaseConfiguration$JpaWebConfiguration {restartedMain} spring.jpa.open-in-view is enabled by default. Therefore, database queries may be performed during view rendering. Explicitly configure spring.jpa.open-in-view to disable this warning
2021-11-29 11:31:27,545 INFO org.springframework.boot.devtools.autoconfigure.OptionalLiveReloadServer {restartedMain} LiveReload server is running on port 35729
2021-11-29 11:31:27,556 INFO org.apache.coyote.http11.Http11NioProtocol {restartedMain} Starting ProtocolHandler ["http-nio-8091"]
2021-11-29 11:31:27,558 INFO org.springframework.boot.web.embedded.tomcat.TomcatWebServer {restartedMain} Tomcat started on port(s): 8091 (http) with context path ''
2021-11-29 11:31:27,563 INFO br.com.magna.api.ApiApplication {restartedMain} Started ApiApplication in 1.148 seconds (JVM running for 1546.874)
2021-11-29 11:31:27,565 INFO org.springframework.boot.devtools.autoconfigure.ConditionEvaluationDeltaLoggingListener {restartedMain} Condition evaluation unchanged
2021-11-29 11:31:45,324 INFO org.springframework.orm.jpa.LocalContainerEntityManagerFactoryBean {Thread-27} Closing JPA EntityManagerFactory for persistence unit 'default'
2021-11-29 11:31:45,325 INFO com.zaxxer.hikari.HikariDataSource {Thread-27} HikariPool-7 - Shutdown initiated...
2021-11-29 11:31:45,330 INFO com.zaxxer.hikari.HikariDataSource {Thread-27} HikariPool-7 - Shutdown completed.
2021-11-29 11:31:45,403 INFO br.com.magna.api.ApiApplication {restartedMain} API INICIADA
